<?xml version="1.0" encoding="UTF-8"?>
<testng-results ignored="0" total="1" passed="1" failed="0" skipped="0">
  <reporter-output>
  </reporter-output>
  <suite started-at="2024-11-16T23:31:35 IST" name="Default suite" finished-at="2024-11-16T23:31:59 IST" duration-ms="24327">
    <groups>
    </groups>
    <test started-at="2024-11-16T23:31:35 IST" name="Default test" finished-at="2024-11-16T23:31:59 IST" duration-ms="24327">
      <class name="Test.LoginTest">
        <test-method is-config="true" signature="setUp()[pri:0, instance:Test.LoginTest@5677323c]" started-at="2024-11-16T23:31:35 IST" name="setUp" finished-at="2024-11-16T23:31:40 IST" duration-ms="5514" status="PASS">
          <reporter-output>
          </reporter-output>
        </test-method> <!-- setUp -->
        <test-method is-config="true" signature="url()[pri:0, instance:Test.LoginTest@5677323c]" started-at="2024-11-16T23:31:40 IST" name="url" finished-at="2024-11-16T23:31:52 IST" duration-ms="11192" status="PASS">
          <reporter-output>
          </reporter-output>
        </test-method> <!-- url -->
        <test-method signature="verifylogin()[pri:0, instance:Test.LoginTest@5677323c]" started-at="2024-11-16T23:31:52 IST" name="verifylogin" finished-at="2024-11-16T23:31:59 IST" duration-ms="7516" status="PASS">
          <reporter-output>
          </reporter-output>
        </test-method> <!-- verifylogin -->
      </class> <!-- Test.LoginTest -->
    </test> <!-- Default test -->
  </suite> <!-- Default suite -->
</testng-results>
